<?xml version="1.0" encoding="UTF-8"?>
<testsuite xmlns:xsi="http://www.w3.org/2001/XMLSchema-instance" xsi:noNamespaceSchemaLocation="https://maven.apache.org/surefire/maven-surefire-plugin/xsd/surefire-test-report.xsd" name="com.example.AppTest" time="0.025" tests="3" errors="0" skipped="0" failures="0">
  <properties>
[...]
</properties>
  <testcase name="autocompletar_prefijo_es_palabra_completa" classname="com.example.AppTest" time="0.005"/>
  <testcase name="autocompletar_prefijo_pro" classname="com.example.AppTest" time="0"/>
  <testcase name="autocompletar_prefijo_sin_resultados" classname="com.example.AppTest" time="0"/>
</testsuite>